<?xml version="1.0" encoding="UTF-8"?>
<!-- Generated by org.testng.reporters.JUnitReportReporter -->
<testsuite hostname="Cloudtech41" name="com.automationtest.scripts.LoginTest" tests="1" failures="0" timestamp="6 Jan 2022 13:39:40 GMT" time="4.794" errors="0">
  <testcase name="loginapp" time="4.794" classname="com.automationtest.scripts.LoginTest"/>
</testsuite> <!-- com.automationtest.scripts.LoginTest -->
